<?xml version="1.0" encoding="UTF-8"?>
<coverage generated="1700302033842" clover="3.2.0">
  <project timestamp="1700302033842" name="All files">
    <metrics statements="127" coveredstatements="104" conditionals="44" coveredconditionals="42" methods="38" coveredmethods="24" elements="209" coveredelements="170" complexity="0" loc="127" ncloc="127" packages="6" files="25" classes="25"/>
    <package name="src">
      <metrics statements="12" coveredstatements="12" conditionals="6" coveredconditionals="5" methods="3" coveredmethods="3"/>
      <file name="App.tsx" path="C:/Users/iliac/Desktop/car-borbala app/src/App.tsx">
        <metrics statements="10" coveredstatements="10" conditionals="6" coveredconditionals="5" methods="3" coveredmethods="3"/>
        <line num="16" count="28" type="stmt"/>
        <line num="18" count="28" type="stmt"/>
        <line num="20" count="28" type="stmt"/>
        <line num="21" count="28" type="stmt"/>
        <line num="22" count="28" type="stmt"/>
        <line num="24" count="28" type="stmt"/>
        <line num="43" count="4" type="stmt"/>
        <line num="45" count="8" type="stmt"/>
        <line num="46" count="8" type="stmt"/>
        <line num="51" count="4" type="stmt"/>
      </file>
      <file name="i18n.ts" path="C:/Users/iliac/Desktop/car-borbala app/src/i18n.ts">
        <metrics statements="1" coveredstatements="1" conditionals="0" coveredconditionals="0" methods="0" coveredmethods="0"/>
        <line num="7" count="4" type="stmt"/>
      </file>
      <file name="main.tsx" path="C:/Users/iliac/Desktop/car-borbala app/src/main.tsx">
        <metrics statements="1" coveredstatements="1" conditionals="0" coveredconditionals="0" methods="0" coveredmethods="0"/>
        <line num="9" count="4" type="stmt"/>
      </file>
    </package>
    <package name="src.components">
      <metrics statements="26" coveredstatements="22" conditionals="6" coveredconditionals="6" methods="9" coveredmethods="5"/>
      <file name="Logo.tsx" path="C:/Users/iliac/Desktop/car-borbala app/src/components/Logo.tsx">
        <metrics statements="4" coveredstatements="4" conditionals="3" coveredconditionals="3" methods="1" coveredmethods="1"/>
        <line num="1" count="32" type="cond" truecount="3" falsecount="0"/>
        <line num="2" count="44" type="stmt"/>
        <line num="9" count="4" type="stmt"/>
        <line num="12" count="4" type="stmt"/>
      </file>
      <file name="Menu.tsx" path="C:/Users/iliac/Desktop/car-borbala app/src/components/Menu.tsx">
        <metrics statements="6" coveredstatements="3" conditionals="0" coveredconditionals="0" methods="3" coveredmethods="0"/>
        <line num="6" count="0" type="stmt"/>
        <line num="7" count="4" type="stmt"/>
        <line num="8" count="0" type="stmt"/>
        <line num="10" count="0" type="stmt"/>
        <line num="38" count="4" type="stmt"/>
        <line num="40" count="4" type="stmt"/>
      </file>
      <file name="Vehicle.tsx" path="C:/Users/iliac/Desktop/car-borbala app/src/components/Vehicle.tsx">
        <metrics statements="5" coveredstatements="4" conditionals="3" coveredconditionals="3" methods="2" coveredmethods="1"/>
        <line num="1" count="32" type="cond" truecount="3" falsecount="0"/>
        <line num="9" count="4" type="stmt"/>
        <line num="10" count="0" type="stmt"/>
        <line num="143" count="4" type="stmt"/>
        <line num="146" count="4" type="stmt"/>
      </file>
      <file name="language.tsx" path="C:/Users/iliac/Desktop/car-borbala app/src/components/language.tsx">
        <metrics statements="11" coveredstatements="11" conditionals="0" coveredconditionals="0" methods="3" coveredmethods="3"/>
        <line num="3" count="22" type="stmt"/>
        <line num="4" count="22" type="stmt"/>
        <line num="5" count="1" type="stmt"/>
        <line num="6" count="1" type="stmt"/>
        <line num="7" count="1" type="stmt"/>
        <line num="8" count="1" type="stmt"/>
        <line num="9" count="1" type="stmt"/>
        <line num="12" count="22" type="stmt"/>
        <line num="13" count="22" type="stmt"/>
        <line num="25" count="4" type="stmt"/>
        <line num="27" count="4" type="stmt"/>
      </file>
    </package>
    <package name="src.layouts">
      <metrics statements="13" coveredstatements="12" conditionals="0" coveredconditionals="0" methods="5" coveredmethods="4"/>
      <file name="Footer.tsx" path="C:/Users/iliac/Desktop/car-borbala app/src/layouts/Footer.tsx">
        <metrics statements="5" coveredstatements="5" conditionals="0" coveredconditionals="0" methods="2" coveredmethods="2"/>
        <line num="7" count="26" type="stmt"/>
        <line num="8" count="26" type="stmt"/>
        <line num="9" count="22" type="stmt"/>
        <line num="24" count="4" type="stmt"/>
        <line num="26" count="4" type="stmt"/>
      </file>
      <file name="Header.tsx" path="C:/Users/iliac/Desktop/car-borbala app/src/layouts/Header.tsx">
        <metrics statements="8" coveredstatements="7" conditionals="0" coveredconditionals="0" methods="3" coveredmethods="2"/>
        <line num="7" count="4" type="stmt"/>
        <line num="10" count="26" type="stmt"/>
        <line num="11" count="26" type="stmt"/>
        <line num="12" count="22" type="stmt"/>
        <line num="23" count="22" type="stmt"/>
        <line num="73" count="0" type="stmt"/>
        <line num="81" count="4" type="stmt"/>
        <line num="83" count="4" type="stmt"/>
      </file>
    </package>
    <package name="src.pages">
      <metrics statements="45" coveredstatements="28" conditionals="11" coveredconditionals="10" methods="14" coveredmethods="5"/>
      <file name="About.tsx" path="C:/Users/iliac/Desktop/car-borbala app/src/pages/About.tsx">
        <metrics statements="4" coveredstatements="4" conditionals="3" coveredconditionals="3" methods="1" coveredmethods="1"/>
        <line num="1" count="32" type="cond" truecount="3" falsecount="0"/>
        <line num="2" count="2" type="stmt"/>
        <line num="17" count="4" type="stmt"/>
        <line num="19" count="4" type="stmt"/>
      </file>
      <file name="Careers.tsx" path="C:/Users/iliac/Desktop/car-borbala app/src/pages/Careers.tsx">
        <metrics statements="5" coveredstatements="4" conditionals="3" coveredconditionals="3" methods="2" coveredmethods="1"/>
        <line num="1" count="32" type="cond" truecount="3" falsecount="0"/>
        <line num="4" count="4" type="stmt"/>
        <line num="5" count="0" type="stmt"/>
        <line num="28" count="4" type="stmt"/>
        <line num="30" count="4" type="stmt"/>
      </file>
      <file name="Home.tsx" path="C:/Users/iliac/Desktop/car-borbala app/src/pages/Home.tsx">
        <metrics statements="11" coveredstatements="8" conditionals="2" coveredconditionals="1" methods="3" coveredmethods="2"/>
        <line num="14" count="20" type="stmt"/>
        <line num="15" count="20" type="stmt"/>
        <line num="21" count="20" type="stmt"/>
        <line num="23" count="20" type="stmt"/>
        <line num="30" count="20" type="stmt"/>
        <line num="32" count="0" type="stmt"/>
        <line num="33" count="0" type="stmt"/>
        <line num="35" count="0" type="stmt"/>
        <line num="38" count="20" type="stmt"/>
        <line num="151" count="4" type="stmt"/>
        <line num="153" count="4" type="stmt"/>
      </file>
      <file name="Location.tsx" path="C:/Users/iliac/Desktop/car-borbala app/src/pages/Location.tsx">
        <metrics statements="5" coveredstatements="4" conditionals="3" coveredconditionals="3" methods="2" coveredmethods="1"/>
        <line num="1" count="32" type="cond" truecount="3" falsecount="0"/>
        <line num="3" count="4" type="stmt"/>
        <line num="4" count="0" type="stmt"/>
        <line num="9" count="4" type="stmt"/>
        <line num="11" count="4" type="stmt"/>
      </file>
      <file name="Login.tsx" path="C:/Users/iliac/Desktop/car-borbala app/src/pages/Login.tsx">
        <metrics statements="10" coveredstatements="4" conditionals="0" coveredconditionals="0" methods="3" coveredmethods="0"/>
        <line num="6" count="4" type="stmt"/>
        <line num="11" count="0" type="stmt"/>
        <line num="13" count="4" type="stmt"/>
        <line num="18" count="0" type="stmt"/>
        <line num="19" count="0" type="stmt"/>
        <line num="20" count="0" type="stmt"/>
        <line num="21" count="0" type="stmt"/>
        <line num="24" count="0" type="stmt"/>
        <line num="85" count="4" type="stmt"/>
        <line num="89" count="4" type="stmt"/>
      </file>
      <file name="Signup.tsx" path="C:/Users/iliac/Desktop/car-borbala app/src/pages/Signup.tsx">
        <metrics statements="10" coveredstatements="4" conditionals="0" coveredconditionals="0" methods="3" coveredmethods="0"/>
        <line num="6" count="4" type="stmt"/>
        <line num="11" count="0" type="stmt"/>
        <line num="12" count="4" type="stmt"/>
        <line num="18" count="0" type="stmt"/>
        <line num="19" count="0" type="stmt"/>
        <line num="20" count="0" type="stmt"/>
        <line num="21" count="0" type="stmt"/>
        <line num="24" count="0" type="stmt"/>
        <line num="93" count="4" type="stmt"/>
        <line num="95" count="4" type="stmt"/>
      </file>
    </package>
    <package name="src.schema">
      <metrics statements="3" coveredstatements="3" conditionals="0" coveredconditionals="0" methods="0" coveredmethods="0"/>
      <file name="loginSchema.ts" path="C:/Users/iliac/Desktop/car-borbala app/src/schema/loginSchema.ts">
        <metrics statements="1" coveredstatements="1" conditionals="0" coveredconditionals="0" methods="0" coveredmethods="0"/>
        <line num="3" count="4" type="stmt"/>
      </file>
      <file name="search-schema.ts" path="C:/Users/iliac/Desktop/car-borbala app/src/schema/search-schema.ts">
        <metrics statements="1" coveredstatements="1" conditionals="0" coveredconditionals="0" methods="0" coveredmethods="0"/>
        <line num="3" count="4" type="stmt"/>
      </file>
      <file name="signupSchema.ts" path="C:/Users/iliac/Desktop/car-borbala app/src/schema/signupSchema.ts">
        <metrics statements="1" coveredstatements="1" conditionals="0" coveredconditionals="0" methods="0" coveredmethods="0"/>
        <line num="3" count="4" type="stmt"/>
      </file>
    </package>
    <package name="src.svg">
      <metrics statements="28" coveredstatements="27" conditionals="21" coveredconditionals="21" methods="7" coveredmethods="7"/>
      <file name="Avard.tsx" path="C:/Users/iliac/Desktop/car-borbala app/src/svg/Avard.tsx">
        <metrics statements="4" coveredstatements="4" conditionals="3" coveredconditionals="3" methods="1" coveredmethods="1"/>
        <line num="1" count="32" type="cond" truecount="3" falsecount="0"/>
        <line num="2" count="20" type="stmt"/>
        <line num="15" count="4" type="stmt"/>
        <line num="17" count="4" type="stmt"/>
      </file>
      <file name="Calendar.tsx" path="C:/Users/iliac/Desktop/car-borbala app/src/svg/Calendar.tsx">
        <metrics statements="4" coveredstatements="4" conditionals="3" coveredconditionals="3" methods="1" coveredmethods="1"/>
        <line num="1" count="32" type="cond" truecount="3" falsecount="0"/>
        <line num="2" count="20" type="stmt"/>
        <line num="15" count="4" type="stmt"/>
        <line num="17" count="4" type="stmt"/>
      </file>
      <file name="Checkin.tsx" path="C:/Users/iliac/Desktop/car-borbala app/src/svg/Checkin.tsx">
        <metrics statements="4" coveredstatements="4" conditionals="3" coveredconditionals="3" methods="1" coveredmethods="1"/>
        <line num="1" count="32" type="cond" truecount="3" falsecount="0"/>
        <line num="2" count="20" type="stmt"/>
        <line num="15" count="4" type="stmt"/>
        <line num="17" count="4" type="stmt"/>
      </file>
      <file name="Close.tsx" path="C:/Users/iliac/Desktop/car-borbala app/src/svg/Close.tsx">
        <metrics statements="4" coveredstatements="3" conditionals="3" coveredconditionals="3" methods="1" coveredmethods="1"/>
        <line num="1" count="32" type="cond" truecount="3" falsecount="0"/>
        <line num="2" count="0" type="stmt"/>
        <line num="16" count="4" type="stmt"/>
        <line num="18" count="4" type="stmt"/>
      </file>
      <file name="Facebook.tsx" path="C:/Users/iliac/Desktop/car-borbala app/src/svg/Facebook.tsx">
        <metrics statements="4" coveredstatements="4" conditionals="3" coveredconditionals="3" methods="1" coveredmethods="1"/>
        <line num="1" count="32" type="cond" truecount="3" falsecount="0"/>
        <line num="2" count="22" type="stmt"/>
        <line num="10" count="4" type="stmt"/>
        <line num="12" count="4" type="stmt"/>
      </file>
      <file name="Instagram.tsx" path="C:/Users/iliac/Desktop/car-borbala app/src/svg/Instagram.tsx">
        <metrics statements="4" coveredstatements="4" conditionals="3" coveredconditionals="3" methods="1" coveredmethods="1"/>
        <line num="1" count="32" type="cond" truecount="3" falsecount="0"/>
        <line num="2" count="22" type="stmt"/>
        <line num="10" count="4" type="stmt"/>
        <line num="12" count="4" type="stmt"/>
      </file>
      <file name="Twitter.tsx" path="C:/Users/iliac/Desktop/car-borbala app/src/svg/Twitter.tsx">
        <metrics statements="4" coveredstatements="4" conditionals="3" coveredconditionals="3" methods="1" coveredmethods="1"/>
        <line num="1" count="32" type="cond" truecount="3" falsecount="0"/>
        <line num="2" count="22" type="stmt"/>
        <line num="10" count="4" type="stmt"/>
        <line num="12" count="4" type="stmt"/>
      </file>
    </package>
  </project>
</coverage>
