{"C:/Users/iliac/Desktop/car-borbala app/src/App.tsx": {"path":"C:/Users/iliac/Desktop/car-borbala app/src/App.tsx","statementMap":{"0":{"start":{"line":16,"column":15},"end":{"line":16,"column":null}},"1":{"start":{"line":18,"column":34},"end":{"line":18,"column":null}},"2":{"start":{"line":20,"column":19},"end":{"line":20,"column":null}},"3":{"start":{"line":21,"column":27},"end":{"line":21,"column":null}},"4":{"start":{"line":22,"column":27},"end":{"line":22,"column":null}},"5":{"start":{"line":23,"column":30},"end":{"line":23,"column":null}},"6":{"start":{"line":25,"column":2},"end":{"line":42,"column":null}},"7":{"start":{"line":44,"column":1},"end":{"line":20,"column":31}},"8":{"start":{"line":16,"column":12},"end":{"line":20,"column":31}},"9":{"start":{"line":20,"column":30},"end":{"line":16,"column":12}},"10":{"start":{"line":47,"column":2},"end":{"line":50,"column":null}},"11":{"start":{"line":52,"column":1},"end":{"line":46,"column":34}},"12":{"start":{"line":46,"column":34},"end":{"line":46,"column":37}}},"fnMap":{"0":{"name":"App","decl":{"start":{"line":16,"column":9},"end":{"line":16,"column":12}},"loc":{"start":{"line":16,"column":15},"end":{"line":44,"column":1}}},"1":{"name":"(anonymous_2)","decl":{"start":{"line":16,"column":12},"end":{"line":16,"column":15}},"loc":{"start":{"line":16,"column":12},"end":{"line":20,"column":31}}},"2":{"name":"WrappedApp","decl":{"start":{"line":46,"column":24},"end":{"line":46,"column":34}},"loc":{"start":{"line":46,"column":37},"end":{"line":52,"column":1}}}},"branchMap":{"0":{"loc":{"start":{"line":28,"column":7},"end":{"line":29,"column":null}},"type":"binary-expr","locations":[{"start":{"line":28,"column":7},"end":{"line":28,"column":null}},{"start":{"line":29,"column":8},"end":{"line":29,"column":null}}]},"1":{"loc":{"start":{"line":31,"column":7},"end":{"line":31,"column":null}},"type":"cond-expr","locations":[{"start":{"line":31,"column":18},"end":{"line":31,"column":55}},{"start":{"line":31,"column":55},"end":{"line":31,"column":null}}]},"2":{"loc":{"start":{"line":41,"column":7},"end":{"line":41,"column":null}},"type":"binary-expr","locations":[{"start":{"line":41,"column":7},"end":{"line":41,"column":27}},{"start":{"line":41,"column":27},"end":{"line":41,"column":null}}]}},"s":{"0":28,"1":28,"2":28,"3":28,"4":28,"5":28,"6":28,"7":4,"8":4,"9":4,"10":8,"11":4,"12":8},"f":{"0":28,"1":4,"2":8},"b":{"0":[28,28],"1":[0,28],"2":[28,28]}}
,"C:/Users/iliac/Desktop/car-borbala app/src/i18n.ts": {"path":"C:/Users/iliac/Desktop/car-borbala app/src/i18n.ts","statementMap":{"0":{"start":{"line":7,"column":0},"end":{"line":10,"column":null}}},"fnMap":{},"branchMap":{},"s":{"0":4},"f":{},"b":{}}
,"C:/Users/iliac/Desktop/car-borbala app/src/main.tsx": {"path":"C:/Users/iliac/Desktop/car-borbala app/src/main.tsx","statementMap":{"0":{"start":{"line":9,"column":0},"end":{"line":15,"column":null}}},"fnMap":{},"branchMap":{},"s":{"0":4},"f":{},"b":{}}
,"C:/Users/iliac/Desktop/car-borbala app/src/components/Logo.tsx": {"path":"C:/Users/iliac/Desktop/car-borbala app/src/components/Logo.tsx","statementMap":{"0":{"start":{"line":1,"column":19},"end":{"line":1,"column":null}},"1":{"start":{"line":1,"column":19},"end":{"line":9,"column":2}},"2":{"start":{"line":2,"column":2},"end":{"line":7,"column":null}},"3":{"start":{"line":9,"column":2},"end":{"line":1,"column":19}},"4":{"start":{"line":12,"column":0},"end":{"line":12,"column":null}}},"fnMap":{"0":{"name":"(anonymous_0)","decl":{"start":{"line":1,"column":19},"end":{"line":1,"column":null}},"loc":{"start":{"line":1,"column":19},"end":{"line":1,"column":null}}}},"branchMap":{"0":{"loc":{"start":{"line":1,"column":19},"end":{"line":1,"column":null}},"type":"binary-expr","locations":[{"start":{"line":1,"column":19},"end":{"line":1,"column":null}},{"start":{"line":1,"column":19},"end":{"line":1,"column":null}}]},"1":{"loc":{"start":{"line":1,"column":19},"end":{"line":1,"column":null}},"type":"if","locations":[{"start":{"line":1,"column":19},"end":{"line":1,"column":null}}]}},"s":{"0":32,"1":4,"2":44,"3":4,"4":4},"f":{"0":48},"b":{"0":[8,4],"1":[4]}}
,"C:/Users/iliac/Desktop/car-borbala app/src/components/Menu.tsx": {"path":"C:/Users/iliac/Desktop/car-borbala app/src/components/Menu.tsx","statementMap":{"0":{"start":{"line":6,"column":63},"end":{"line":6,"column":null}},"1":{"start":{"line":7,"column":16},"end":{"line":7,"column":null}},"2":{"start":{"line":8,"column":2},"end":{"line":36,"column":null}},"3":{"start":{"line":10,"column":28},"end":{"line":10,"column":53}},"4":{"start":{"line":38,"column":1},"end":{"line":7,"column":31}},"5":{"start":{"line":6,"column":13},"end":{"line":7,"column":31}},"6":{"start":{"line":7,"column":30},"end":{"line":6,"column":13}},"7":{"start":{"line":40,"column":20},"end":{"line":40,"column":null}}},"fnMap":{"0":{"name":"Menu","decl":{"start":{"line":6,"column":9},"end":{"line":6,"column":13}},"loc":{"start":{"line":6,"column":63},"end":{"line":38,"column":1}}},"1":{"name":"(anonymous_2)","decl":{"start":{"line":10,"column":22},"end":{"line":10,"column":28}},"loc":{"start":{"line":10,"column":28},"end":{"line":10,"column":53}}},"2":{"name":"(anonymous_3)","decl":{"start":{"line":6,"column":13},"end":{"line":6,"column":14}},"loc":{"start":{"line":6,"column":13},"end":{"line":7,"column":31}}}},"branchMap":{},"s":{"0":0,"1":0,"2":0,"3":0,"4":4,"5":0,"6":4,"7":4},"f":{"0":0,"1":0,"2":0},"b":{}}
,"C:/Users/iliac/Desktop/car-borbala app/src/components/Vehicle.tsx": {"path":"C:/Users/iliac/Desktop/car-borbala app/src/components/Vehicle.tsx","statementMap":{"0":{"start":{"line":1,"column":46},"end":{"line":1,"column":null}},"1":{"start":{"line":9,"column":16},"end":{"line":143,"column":2}},"2":{"start":{"line":10,"column":2},"end":{"line":141,"column":null}},"3":{"start":{"line":143,"column":2},"end":{"line":9,"column":16}},"4":{"start":{"line":146,"column":0},"end":{"line":146,"column":null}}},"fnMap":{"0":{"name":"(anonymous_0)","decl":{"start":{"line":1,"column":46},"end":{"line":1,"column":null}},"loc":{"start":{"line":1,"column":46},"end":{"line":1,"column":null}}},"1":{"name":"(anonymous_1)","decl":{"start":{"line":9,"column":16},"end":{"line":9,"column":22}},"loc":{"start":{"line":9,"column":22},"end":{"line":143,"column":2}}}},"branchMap":{"0":{"loc":{"start":{"line":1,"column":46},"end":{"line":1,"column":null}},"type":"binary-expr","locations":[{"start":{"line":1,"column":46},"end":{"line":1,"column":null}},{"start":{"line":1,"column":46},"end":{"line":1,"column":null}}]},"1":{"loc":{"start":{"line":1,"column":46},"end":{"line":1,"column":null}},"type":"if","locations":[{"start":{"line":1,"column":46},"end":{"line":1,"column":null}}]}},"s":{"0":32,"1":4,"2":0,"3":4,"4":4},"f":{"0":4,"1":0},"b":{"0":[8,4],"1":[4]}}
,"C:/Users/iliac/Desktop/car-borbala app/src/components/language.tsx": {"path":"C:/Users/iliac/Desktop/car-borbala app/src/components/language.tsx","statementMap":{"0":{"start":{"line":3,"column":17},"end":{"line":25,"column":2}},"1":{"start":{"line":3,"column":23},"end":{"line":3,"column":null}},"2":{"start":{"line":4,"column":17},"end":{"line":11,"column":null}},"3":{"start":{"line":5,"column":24},"end":{"line":5,"column":null}},"4":{"start":{"line":6,"column":4},"end":{"line":6,"column":null}},"5":{"start":{"line":7,"column":4},"end":{"line":7,"column":null}},"6":{"start":{"line":8,"column":4},"end":{"line":8,"column":null}},"7":{"start":{"line":9,"column":4},"end":{"line":9,"column":null}},"8":{"start":{"line":12,"column":19},"end":{"line":12,"column":null}},"9":{"start":{"line":13,"column":2},"end":{"line":23,"column":null}},"10":{"start":{"line":25,"column":2},"end":{"line":12,"column":34}},"11":{"start":{"line":3,"column":14},"end":{"line":12,"column":34}},"12":{"start":{"line":12,"column":33},"end":{"line":3,"column":14}},"13":{"start":{"line":27,"column":24},"end":{"line":27,"column":null}}},"fnMap":{"0":{"name":"(anonymous_1)","decl":{"start":{"line":3,"column":17},"end":{"line":3,"column":23}},"loc":{"start":{"line":3,"column":23},"end":{"line":25,"column":2}}},"1":{"name":"(anonymous_2)","decl":{"start":{"line":4,"column":17},"end":{"line":4,"column":18}},"loc":{"start":{"line":4,"column":66},"end":{"line":11,"column":null}}},"2":{"name":"(anonymous_3)","decl":{"start":{"line":3,"column":14},"end":{"line":3,"column":17}},"loc":{"start":{"line":3,"column":14},"end":{"line":12,"column":34}}}},"branchMap":{},"s":{"0":4,"1":22,"2":22,"3":1,"4":1,"5":1,"6":1,"7":1,"8":22,"9":22,"10":4,"11":4,"12":4,"13":4},"f":{"0":22,"1":1,"2":4},"b":{}}
,"C:/Users/iliac/Desktop/car-borbala app/src/layouts/Footer.tsx": {"path":"C:/Users/iliac/Desktop/car-borbala app/src/layouts/Footer.tsx","statementMap":{"0":{"start":{"line":7,"column":15},"end":{"line":24,"column":2}},"1":{"start":{"line":7,"column":21},"end":{"line":7,"column":null}},"2":{"start":{"line":8,"column":16},"end":{"line":8,"column":null}},"3":{"start":{"line":9,"column":2},"end":{"line":22,"column":null}},"4":{"start":{"line":24,"column":2},"end":{"line":8,"column":31}},"5":{"start":{"line":7,"column":12},"end":{"line":8,"column":31}},"6":{"start":{"line":8,"column":30},"end":{"line":7,"column":12}},"7":{"start":{"line":26,"column":22},"end":{"line":26,"column":null}}},"fnMap":{"0":{"name":"(anonymous_1)","decl":{"start":{"line":7,"column":15},"end":{"line":7,"column":21}},"loc":{"start":{"line":7,"column":21},"end":{"line":24,"column":2}}},"1":{"name":"(anonymous_2)","decl":{"start":{"line":7,"column":12},"end":{"line":7,"column":15}},"loc":{"start":{"line":7,"column":12},"end":{"line":8,"column":31}}}},"branchMap":{},"s":{"0":4,"1":26,"2":26,"3":22,"4":4,"5":4,"6":4,"7":4},"f":{"0":26,"1":4},"b":{}}
,"C:/Users/iliac/Desktop/car-borbala app/src/layouts/Header.tsx": {"path":"C:/Users/iliac/Desktop/car-borbala app/src/layouts/Header.tsx","statementMap":{"0":{"start":{"line":7,"column":15},"end":{"line":85,"column":2}},"1":{"start":{"line":11,"column":6},"end":{"line":11,"column":null}},"2":{"start":{"line":12,"column":22},"end":{"line":12,"column":null}},"3":{"start":{"line":13,"column":2},"end":{"line":13,"column":null}},"4":{"start":{"line":14,"column":2},"end":{"line":14,"column":null}},"5":{"start":{"line":24,"column":2},"end":{"line":83,"column":null}},"6":{"start":{"line":77,"column":23},"end":{"line":77,"column":null}},"7":{"start":{"line":85,"column":2},"end":{"line":12,"column":37}},"8":{"start":{"line":7,"column":12},"end":{"line":12,"column":37}},"9":{"start":{"line":12,"column":36},"end":{"line":7,"column":12}},"10":{"start":{"line":87,"column":22},"end":{"line":87,"column":null}}},"fnMap":{"0":{"name":"(anonymous_1)","decl":{"start":{"line":7,"column":15},"end":{"line":7,"column":16}},"loc":{"start":{"line":11,"column":6},"end":{"line":85,"column":2}}},"1":{"name":"(anonymous_2)","decl":{"start":{"line":77,"column":17},"end":{"line":77,"column":23}},"loc":{"start":{"line":77,"column":23},"end":{"line":77,"column":null}}},"2":{"name":"(anonymous_3)","decl":{"start":{"line":7,"column":12},"end":{"line":7,"column":15}},"loc":{"start":{"line":7,"column":12},"end":{"line":12,"column":37}}}},"branchMap":{},"s":{"0":4,"1":26,"2":26,"3":22,"4":22,"5":22,"6":0,"7":4,"8":4,"9":4,"10":4},"f":{"0":26,"1":0,"2":4},"b":{}}
,"C:/Users/iliac/Desktop/car-borbala app/src/pages/About.tsx": {"path":"C:/Users/iliac/Desktop/car-borbala app/src/pages/About.tsx","statementMap":{"0":{"start":{"line":1,"column":20},"end":{"line":1,"column":null}},"1":{"start":{"line":1,"column":20},"end":{"line":17,"column":2}},"2":{"start":{"line":2,"column":2},"end":{"line":15,"column":null}},"3":{"start":{"line":17,"column":2},"end":{"line":1,"column":20}},"4":{"start":{"line":19,"column":21},"end":{"line":19,"column":null}}},"fnMap":{"0":{"name":"(anonymous_0)","decl":{"start":{"line":1,"column":20},"end":{"line":1,"column":null}},"loc":{"start":{"line":1,"column":20},"end":{"line":1,"column":null}}}},"branchMap":{"0":{"loc":{"start":{"line":1,"column":20},"end":{"line":1,"column":null}},"type":"binary-expr","locations":[{"start":{"line":1,"column":20},"end":{"line":1,"column":null}},{"start":{"line":1,"column":20},"end":{"line":1,"column":null}}]},"1":{"loc":{"start":{"line":1,"column":20},"end":{"line":1,"column":null}},"type":"if","locations":[{"start":{"line":1,"column":20},"end":{"line":1,"column":null}}]}},"s":{"0":32,"1":4,"2":2,"3":4,"4":4},"f":{"0":6},"b":{"0":[8,4],"1":[4]}}
,"C:/Users/iliac/Desktop/car-borbala app/src/pages/Careers.tsx": {"path":"C:/Users/iliac/Desktop/car-borbala app/src/pages/Careers.tsx","statementMap":{"0":{"start":{"line":1,"column":39},"end":{"line":1,"column":null}},"1":{"start":{"line":4,"column":15},"end":{"line":28,"column":2}},"2":{"start":{"line":5,"column":2},"end":{"line":26,"column":null}},"3":{"start":{"line":28,"column":2},"end":{"line":4,"column":15}},"4":{"start":{"line":30,"column":22},"end":{"line":30,"column":null}}},"fnMap":{"0":{"name":"(anonymous_0)","decl":{"start":{"line":1,"column":39},"end":{"line":1,"column":null}},"loc":{"start":{"line":1,"column":39},"end":{"line":1,"column":null}}},"1":{"name":"(anonymous_1)","decl":{"start":{"line":4,"column":15},"end":{"line":4,"column":21}},"loc":{"start":{"line":4,"column":21},"end":{"line":28,"column":2}}}},"branchMap":{"0":{"loc":{"start":{"line":1,"column":39},"end":{"line":1,"column":null}},"type":"binary-expr","locations":[{"start":{"line":1,"column":39},"end":{"line":1,"column":null}},{"start":{"line":1,"column":39},"end":{"line":1,"column":null}}]},"1":{"loc":{"start":{"line":1,"column":39},"end":{"line":1,"column":null}},"type":"if","locations":[{"start":{"line":1,"column":39},"end":{"line":1,"column":null}}]}},"s":{"0":32,"1":4,"2":0,"3":4,"4":4},"f":{"0":4,"1":0},"b":{"0":[8,4],"1":[4]}}
,"C:/Users/iliac/Desktop/car-borbala app/src/pages/Home.tsx": {"path":"C:/Users/iliac/Desktop/car-borbala app/src/pages/Home.tsx","statementMap":{"0":{"start":{"line":14,"column":13},"end":{"line":151,"column":2}},"1":{"start":{"line":14,"column":19},"end":{"line":14,"column":null}},"2":{"start":{"line":15,"column":16},"end":{"line":15,"column":null}},"3":{"start":{"line":21,"column":6},"end":{"line":21,"column":null}},"4":{"start":{"line":23,"column":26},"end":{"line":23,"column":null}},"5":{"start":{"line":30,"column":7},"end":{"line":36,"column":null}},"6":{"start":{"line":32,"column":4},"end":{"line":32,"column":null}},"7":{"start":{"line":33,"column":4},"end":{"line":33,"column":null}},"8":{"start":{"line":35,"column":4},"end":{"line":35,"column":null}},"9":{"start":{"line":38,"column":2},"end":{"line":149,"column":null}},"10":{"start":{"line":151,"column":2},"end":{"line":21,"column":14}},"11":{"start":{"line":14,"column":10},"end":{"line":21,"column":14}},"12":{"start":{"line":21,"column":13},"end":{"line":14,"column":10}},"13":{"start":{"line":153,"column":20},"end":{"line":153,"column":null}}},"fnMap":{"0":{"name":"(anonymous_1)","decl":{"start":{"line":14,"column":13},"end":{"line":14,"column":19}},"loc":{"start":{"line":14,"column":19},"end":{"line":151,"column":2}}},"1":{"name":"(anonymous_2)","decl":{"start":{"line":30,"column":7},"end":{"line":30,"column":14}},"loc":{"start":{"line":30,"column":23},"end":{"line":36,"column":null}}},"2":{"name":"(anonymous_3)","decl":{"start":{"line":14,"column":10},"end":{"line":14,"column":13}},"loc":{"start":{"line":14,"column":10},"end":{"line":21,"column":14}}}},"branchMap":{"0":{"loc":{"start":{"line":92,"column":7},"end":{"line":92,"column":null}},"type":"cond-expr","locations":[{"start":{"line":92,"column":14},"end":{"line":92,"column":28}},{"start":{"line":92,"column":28},"end":{"line":92,"column":null}}]}},"s":{"0":4,"1":20,"2":20,"3":20,"4":20,"5":20,"6":0,"7":0,"8":0,"9":20,"10":4,"11":4,"12":4,"13":4},"f":{"0":20,"1":0,"2":4},"b":{"0":[0,20]}}
,"C:/Users/iliac/Desktop/car-borbala app/src/pages/Location.tsx": {"path":"C:/Users/iliac/Desktop/car-borbala app/src/pages/Location.tsx","statementMap":{"0":{"start":{"line":1,"column":50},"end":{"line":1,"column":null}},"1":{"start":{"line":4,"column":21},"end":{"line":11,"column":2}},"2":{"start":{"line":5,"column":2},"end":{"line":9,"column":null}},"3":{"start":{"line":11,"column":2},"end":{"line":4,"column":21}},"4":{"start":{"line":13,"column":28},"end":{"line":13,"column":null}}},"fnMap":{"0":{"name":"(anonymous_0)","decl":{"start":{"line":1,"column":50},"end":{"line":1,"column":null}},"loc":{"start":{"line":1,"column":50},"end":{"line":1,"column":null}}},"1":{"name":"(anonymous_1)","decl":{"start":{"line":4,"column":21},"end":{"line":4,"column":27}},"loc":{"start":{"line":4,"column":27},"end":{"line":11,"column":2}}}},"branchMap":{"0":{"loc":{"start":{"line":1,"column":50},"end":{"line":1,"column":null}},"type":"binary-expr","locations":[{"start":{"line":1,"column":50},"end":{"line":1,"column":null}},{"start":{"line":1,"column":50},"end":{"line":1,"column":null}}]},"1":{"loc":{"start":{"line":1,"column":50},"end":{"line":1,"column":null}},"type":"if","locations":[{"start":{"line":1,"column":50},"end":{"line":1,"column":null}}]}},"s":{"0":32,"1":4,"2":0,"3":4,"4":4},"f":{"0":4,"1":0},"b":{"0":[8,4],"1":[4]}}
,"C:/Users/iliac/Desktop/car-borbala app/src/pages/Login.tsx": {"path":"C:/Users/iliac/Desktop/car-borbala app/src/pages/Login.tsx","statementMap":{"0":{"start":{"line":6,"column":66},"end":{"line":108,"column":2}},"1":{"start":{"line":8,"column":6},"end":{"line":8,"column":null}},"2":{"start":{"line":13,"column":6},"end":{"line":13,"column":null}},"3":{"start":{"line":15,"column":19},"end":{"line":15,"column":null}},"4":{"start":{"line":20,"column":7},"end":{"line":45,"column":null}},"5":{"start":{"line":21,"column":4},"end":{"line":21,"column":null}},"6":{"start":{"line":22,"column":4},"end":{"line":22,"column":null}},"7":{"start":{"line":24,"column":35},"end":{"line":24,"column":null}},"8":{"start":{"line":25,"column":4},"end":{"line":43,"column":null}},"9":{"start":{"line":26,"column":31},"end":{"line":26,"column":null}},"10":{"start":{"line":29,"column":6},"end":{"line":39,"column":null}},"11":{"start":{"line":33,"column":8},"end":{"line":33,"column":null}},"12":{"start":{"line":34,"column":8},"end":{"line":34,"column":null}},"13":{"start":{"line":35,"column":8},"end":{"line":35,"column":null}},"14":{"start":{"line":37,"column":8},"end":{"line":37,"column":null}},"15":{"start":{"line":41,"column":6},"end":{"line":41,"column":null}},"16":{"start":{"line":47,"column":2},"end":{"line":106,"column":null}},"17":{"start":{"line":108,"column":2},"end":{"line":15,"column":31}},"18":{"start":{"line":6,"column":63},"end":{"line":15,"column":31}},"19":{"start":{"line":15,"column":30},"end":{"line":6,"column":63}},"20":{"start":{"line":112,"column":0},"end":{"line":112,"column":null}}},"fnMap":{"0":{"name":"(anonymous_1)","decl":{"start":{"line":6,"column":66},"end":{"line":6,"column":67}},"loc":{"start":{"line":8,"column":6},"end":{"line":108,"column":2}}},"1":{"name":"(anonymous_2)","decl":{"start":{"line":20,"column":7},"end":{"line":20,"column":14}},"loc":{"start":{"line":20,"column":23},"end":{"line":45,"column":null}}},"2":{"name":"(anonymous_3)","decl":{"start":{"line":6,"column":63},"end":{"line":6,"column":66}},"loc":{"start":{"line":6,"column":63},"end":{"line":15,"column":31}}}},"branchMap":{"0":{"loc":{"start":{"line":25,"column":4},"end":{"line":43,"column":null}},"type":"if","locations":[{"start":{"line":25,"column":4},"end":{"line":43,"column":null}},{"start":{"line":40,"column":11},"end":{"line":43,"column":null}}]},"1":{"loc":{"start":{"line":29,"column":6},"end":{"line":39,"column":null}},"type":"if","locations":[{"start":{"line":29,"column":6},"end":{"line":39,"column":null}},{"start":{"line":36,"column":13},"end":{"line":39,"column":null}}]},"2":{"loc":{"start":{"line":30,"column":8},"end":{"line":31,"column":null}},"type":"binary-expr","locations":[{"start":{"line":30,"column":8},"end":{"line":30,"column":null}},{"start":{"line":31,"column":8},"end":{"line":31,"column":null}}]}},"s":{"0":4,"1":0,"2":0,"3":0,"4":0,"5":0,"6":0,"7":0,"8":0,"9":0,"10":0,"11":0,"12":0,"13":0,"14":0,"15":0,"16":0,"17":4,"18":0,"19":4,"20":4},"f":{"0":0,"1":0,"2":0},"b":{"0":[0,0],"1":[0,0],"2":[0,0]}}
,"C:/Users/iliac/Desktop/car-borbala app/src/pages/Signup.tsx": {"path":"C:/Users/iliac/Desktop/car-borbala app/src/pages/Signup.tsx","statementMap":{"0":{"start":{"line":6,"column":15},"end":{"line":102,"column":2}},"1":{"start":{"line":6,"column":21},"end":{"line":6,"column":null}},"2":{"start":{"line":11,"column":6},"end":{"line":11,"column":null}},"3":{"start":{"line":12,"column":19},"end":{"line":12,"column":null}},"4":{"start":{"line":18,"column":7},"end":{"line":31,"column":null}},"5":{"start":{"line":19,"column":4},"end":{"line":19,"column":null}},"6":{"start":{"line":20,"column":4},"end":{"line":20,"column":null}},"7":{"start":{"line":24,"column":27},"end":{"line":24,"column":null}},"8":{"start":{"line":26,"column":4},"end":{"line":26,"column":null}},"9":{"start":{"line":29,"column":4},"end":{"line":29,"column":null}},"10":{"start":{"line":30,"column":4},"end":{"line":30,"column":null}},"11":{"start":{"line":33,"column":2},"end":{"line":100,"column":null}},"12":{"start":{"line":102,"column":2},"end":{"line":12,"column":31}},"13":{"start":{"line":6,"column":12},"end":{"line":12,"column":31}},"14":{"start":{"line":12,"column":30},"end":{"line":6,"column":12}},"15":{"start":{"line":104,"column":22},"end":{"line":104,"column":null}}},"fnMap":{"0":{"name":"(anonymous_1)","decl":{"start":{"line":6,"column":15},"end":{"line":6,"column":21}},"loc":{"start":{"line":6,"column":21},"end":{"line":102,"column":2}}},"1":{"name":"(anonymous_2)","decl":{"start":{"line":18,"column":7},"end":{"line":18,"column":14}},"loc":{"start":{"line":18,"column":23},"end":{"line":31,"column":null}}},"2":{"name":"(anonymous_3)","decl":{"start":{"line":6,"column":12},"end":{"line":6,"column":15}},"loc":{"start":{"line":6,"column":12},"end":{"line":12,"column":31}}}},"branchMap":{},"s":{"0":4,"1":0,"2":0,"3":0,"4":0,"5":0,"6":0,"7":0,"8":0,"9":0,"10":0,"11":0,"12":4,"13":0,"14":4,"15":4},"f":{"0":0,"1":0,"2":0},"b":{}}
,"C:/Users/iliac/Desktop/car-borbala app/src/schema/loginSchema.ts": {"path":"C:/Users/iliac/Desktop/car-borbala app/src/schema/loginSchema.ts","statementMap":{"0":{"start":{"line":3,"column":20},"end":{"line":13,"column":null}}},"fnMap":{},"branchMap":{},"s":{"0":4},"f":{},"b":{}}
,"C:/Users/iliac/Desktop/car-borbala app/src/schema/search-schema.ts": {"path":"C:/Users/iliac/Desktop/car-borbala app/src/schema/search-schema.ts","statementMap":{"0":{"start":{"line":3,"column":21},"end":{"line":8,"column":null}}},"fnMap":{},"branchMap":{},"s":{"0":4},"f":{},"b":{}}
,"C:/Users/iliac/Desktop/car-borbala app/src/schema/signupSchema.ts": {"path":"C:/Users/iliac/Desktop/car-borbala app/src/schema/signupSchema.ts","statementMap":{"0":{"start":{"line":3,"column":21},"end":{"line":18,"column":null}}},"fnMap":{},"branchMap":{},"s":{"0":4},"f":{},"b":{}}
,"C:/Users/iliac/Desktop/car-borbala app/src/svg/Avard.tsx": {"path":"C:/Users/iliac/Desktop/car-borbala app/src/svg/Avard.tsx","statementMap":{"0":{"start":{"line":1,"column":20},"end":{"line":1,"column":null}},"1":{"start":{"line":1,"column":20},"end":{"line":15,"column":2}},"2":{"start":{"line":2,"column":2},"end":{"line":13,"column":null}},"3":{"start":{"line":15,"column":2},"end":{"line":1,"column":20}},"4":{"start":{"line":17,"column":21},"end":{"line":17,"column":null}}},"fnMap":{"0":{"name":"(anonymous_0)","decl":{"start":{"line":1,"column":20},"end":{"line":1,"column":null}},"loc":{"start":{"line":1,"column":20},"end":{"line":1,"column":null}}}},"branchMap":{"0":{"loc":{"start":{"line":1,"column":20},"end":{"line":1,"column":null}},"type":"binary-expr","locations":[{"start":{"line":1,"column":20},"end":{"line":1,"column":null}},{"start":{"line":1,"column":20},"end":{"line":1,"column":null}}]},"1":{"loc":{"start":{"line":1,"column":20},"end":{"line":1,"column":null}},"type":"if","locations":[{"start":{"line":1,"column":20},"end":{"line":1,"column":null}}]}},"s":{"0":32,"1":4,"2":20,"3":4,"4":4},"f":{"0":24},"b":{"0":[8,4],"1":[4]}}
,"C:/Users/iliac/Desktop/car-borbala app/src/svg/Calendar.tsx": {"path":"C:/Users/iliac/Desktop/car-borbala app/src/svg/Calendar.tsx","statementMap":{"0":{"start":{"line":1,"column":23},"end":{"line":1,"column":null}},"1":{"start":{"line":1,"column":23},"end":{"line":15,"column":2}},"2":{"start":{"line":2,"column":2},"end":{"line":13,"column":null}},"3":{"start":{"line":15,"column":2},"end":{"line":1,"column":23}},"4":{"start":{"line":17,"column":24},"end":{"line":17,"column":null}}},"fnMap":{"0":{"name":"(anonymous_0)","decl":{"start":{"line":1,"column":23},"end":{"line":1,"column":null}},"loc":{"start":{"line":1,"column":23},"end":{"line":1,"column":null}}}},"branchMap":{"0":{"loc":{"start":{"line":1,"column":23},"end":{"line":1,"column":null}},"type":"binary-expr","locations":[{"start":{"line":1,"column":23},"end":{"line":1,"column":null}},{"start":{"line":1,"column":23},"end":{"line":1,"column":null}}]},"1":{"loc":{"start":{"line":1,"column":23},"end":{"line":1,"column":null}},"type":"if","locations":[{"start":{"line":1,"column":23},"end":{"line":1,"column":null}}]}},"s":{"0":32,"1":4,"2":20,"3":4,"4":4},"f":{"0":24},"b":{"0":[8,4],"1":[4]}}
,"C:/Users/iliac/Desktop/car-borbala app/src/svg/Checkin.tsx": {"path":"C:/Users/iliac/Desktop/car-borbala app/src/svg/Checkin.tsx","statementMap":{"0":{"start":{"line":1,"column":22},"end":{"line":1,"column":null}},"1":{"start":{"line":1,"column":22},"end":{"line":15,"column":2}},"2":{"start":{"line":2,"column":2},"end":{"line":13,"column":null}},"3":{"start":{"line":15,"column":2},"end":{"line":1,"column":22}},"4":{"start":{"line":17,"column":23},"end":{"line":17,"column":null}}},"fnMap":{"0":{"name":"(anonymous_0)","decl":{"start":{"line":1,"column":22},"end":{"line":1,"column":null}},"loc":{"start":{"line":1,"column":22},"end":{"line":1,"column":null}}}},"branchMap":{"0":{"loc":{"start":{"line":1,"column":22},"end":{"line":1,"column":null}},"type":"binary-expr","locations":[{"start":{"line":1,"column":22},"end":{"line":1,"column":null}},{"start":{"line":1,"column":22},"end":{"line":1,"column":null}}]},"1":{"loc":{"start":{"line":1,"column":22},"end":{"line":1,"column":null}},"type":"if","locations":[{"start":{"line":1,"column":22},"end":{"line":1,"column":null}}]}},"s":{"0":32,"1":4,"2":20,"3":4,"4":4},"f":{"0":24},"b":{"0":[8,4],"1":[4]}}
,"C:/Users/iliac/Desktop/car-borbala app/src/svg/Close.tsx": {"path":"C:/Users/iliac/Desktop/car-borbala app/src/svg/Close.tsx","statementMap":{"0":{"start":{"line":1,"column":22},"end":{"line":1,"column":47}},"1":{"start":{"line":2,"column":2},"end":{"line":14,"column":null}},"2":{"start":{"line":16,"column":1},"end":{"line":1,"column":22}},"3":{"start":{"line":18,"column":21},"end":{"line":18,"column":null}}},"fnMap":{"0":{"name":"(anonymous_0)","decl":{"start":{"line":1,"column":22},"end":{"line":1,"column":47}},"loc":{"start":{"line":1,"column":22},"end":{"line":1,"column":47}}}},"branchMap":{"0":{"loc":{"start":{"line":1,"column":22},"end":{"line":1,"column":47}},"type":"binary-expr","locations":[{"start":{"line":1,"column":22},"end":{"line":1,"column":47}},{"start":{"line":1,"column":22},"end":{"line":1,"column":47}}]},"1":{"loc":{"start":{"line":1,"column":22},"end":{"line":1,"column":47}},"type":"if","locations":[{"start":{"line":1,"column":22},"end":{"line":1,"column":47}}]}},"s":{"0":32,"1":0,"2":4,"3":4},"f":{"0":4},"b":{"0":[8,4],"1":[4]}}
,"C:/Users/iliac/Desktop/car-borbala app/src/svg/Facebook.tsx": {"path":"C:/Users/iliac/Desktop/car-borbala app/src/svg/Facebook.tsx","statementMap":{"0":{"start":{"line":1,"column":23},"end":{"line":1,"column":null}},"1":{"start":{"line":1,"column":23},"end":{"line":10,"column":2}},"2":{"start":{"line":2,"column":2},"end":{"line":8,"column":null}},"3":{"start":{"line":10,"column":2},"end":{"line":1,"column":23}},"4":{"start":{"line":12,"column":24},"end":{"line":12,"column":null}}},"fnMap":{"0":{"name":"(anonymous_0)","decl":{"start":{"line":1,"column":23},"end":{"line":1,"column":null}},"loc":{"start":{"line":1,"column":23},"end":{"line":1,"column":null}}}},"branchMap":{"0":{"loc":{"start":{"line":1,"column":23},"end":{"line":1,"column":null}},"type":"binary-expr","locations":[{"start":{"line":1,"column":23},"end":{"line":1,"column":null}},{"start":{"line":1,"column":23},"end":{"line":1,"column":null}}]},"1":{"loc":{"start":{"line":1,"column":23},"end":{"line":1,"column":null}},"type":"if","locations":[{"start":{"line":1,"column":23},"end":{"line":1,"column":null}}]}},"s":{"0":32,"1":4,"2":22,"3":4,"4":4},"f":{"0":26},"b":{"0":[8,4],"1":[4]}}
,"C:/Users/iliac/Desktop/car-borbala app/src/svg/Instagram.tsx": {"path":"C:/Users/iliac/Desktop/car-borbala app/src/svg/Instagram.tsx","statementMap":{"0":{"start":{"line":1,"column":24},"end":{"line":1,"column":null}},"1":{"start":{"line":1,"column":24},"end":{"line":10,"column":2}},"2":{"start":{"line":2,"column":2},"end":{"line":8,"column":null}},"3":{"start":{"line":10,"column":2},"end":{"line":1,"column":24}},"4":{"start":{"line":12,"column":25},"end":{"line":12,"column":null}}},"fnMap":{"0":{"name":"(anonymous_0)","decl":{"start":{"line":1,"column":24},"end":{"line":1,"column":null}},"loc":{"start":{"line":1,"column":24},"end":{"line":1,"column":null}}}},"branchMap":{"0":{"loc":{"start":{"line":1,"column":24},"end":{"line":1,"column":null}},"type":"binary-expr","locations":[{"start":{"line":1,"column":24},"end":{"line":1,"column":null}},{"start":{"line":1,"column":24},"end":{"line":1,"column":null}}]},"1":{"loc":{"start":{"line":1,"column":24},"end":{"line":1,"column":null}},"type":"if","locations":[{"start":{"line":1,"column":24},"end":{"line":1,"column":null}}]}},"s":{"0":32,"1":4,"2":22,"3":4,"4":4},"f":{"0":26},"b":{"0":[8,4],"1":[4]}}
,"C:/Users/iliac/Desktop/car-borbala app/src/svg/Twitter.tsx": {"path":"C:/Users/iliac/Desktop/car-borbala app/src/svg/Twitter.tsx","statementMap":{"0":{"start":{"line":1,"column":22},"end":{"line":1,"column":null}},"1":{"start":{"line":1,"column":22},"end":{"line":10,"column":2}},"2":{"start":{"line":2,"column":2},"end":{"line":8,"column":null}},"3":{"start":{"line":10,"column":2},"end":{"line":1,"column":22}},"4":{"start":{"line":12,"column":23},"end":{"line":12,"column":null}}},"fnMap":{"0":{"name":"(anonymous_0)","decl":{"start":{"line":1,"column":22},"end":{"line":1,"column":null}},"loc":{"start":{"line":1,"column":22},"end":{"line":1,"column":null}}}},"branchMap":{"0":{"loc":{"start":{"line":1,"column":22},"end":{"line":1,"column":null}},"type":"binary-expr","locations":[{"start":{"line":1,"column":22},"end":{"line":1,"column":null}},{"start":{"line":1,"column":22},"end":{"line":1,"column":null}}]},"1":{"loc":{"start":{"line":1,"column":22},"end":{"line":1,"column":null}},"type":"if","locations":[{"start":{"line":1,"column":22},"end":{"line":1,"column":null}}]}},"s":{"0":32,"1":4,"2":22,"3":4,"4":4},"f":{"0":26},"b":{"0":[8,4],"1":[4]}}
}
