{"total": {"lines":{"total":127,"covered":104,"skipped":0,"pct":81.88},"statements":{"total":156,"covered":125,"skipped":0,"pct":80.12},"functions":{"total":38,"covered":24,"skipped":0,"pct":63.15},"branches":{"total":44,"covered":42,"skipped":0,"pct":95.45},"branchesTrue":{"total":0,"covered":0,"skipped":0,"pct":100}}
,"C:/Users/iliac/Desktop/car-borbala app/src/App.tsx": {"lines":{"total":10,"covered":10,"skipped":0,"pct":100},"functions":{"total":3,"covered":3,"skipped":0,"pct":100},"statements":{"total":12,"covered":12,"skipped":0,"pct":100},"branches":{"total":6,"covered":5,"skipped":0,"pct":83.33}}
,"C:/Users/iliac/Desktop/car-borbala app/src/i18n.ts": {"lines":{"total":1,"covered":1,"skipped":0,"pct":100},"functions":{"total":0,"covered":0,"skipped":0,"pct":100},"statements":{"total":1,"covered":1,"skipped":0,"pct":100},"branches":{"total":0,"covered":0,"skipped":0,"pct":100}}
,"C:/Users/iliac/Desktop/car-borbala app/src/main.tsx": {"lines":{"total":1,"covered":1,"skipped":0,"pct":100},"functions":{"total":0,"covered":0,"skipped":0,"pct":100},"statements":{"total":1,"covered":1,"skipped":0,"pct":100},"branches":{"total":0,"covered":0,"skipped":0,"pct":100}}
,"C:/Users/iliac/Desktop/car-borbala app/src/components/Logo.tsx": {"lines":{"total":4,"covered":4,"skipped":0,"pct":100},"functions":{"total":1,"covered":1,"skipped":0,"pct":100},"statements":{"total":5,"covered":5,"skipped":0,"pct":100},"branches":{"total":3,"covered":3,"skipped":0,"pct":100}}
,"C:/Users/iliac/Desktop/car-borbala app/src/components/Menu.tsx": {"lines":{"total":6,"covered":3,"skipped":0,"pct":50},"functions":{"total":3,"covered":0,"skipped":0,"pct":0},"statements":{"total":8,"covered":3,"skipped":0,"pct":37.5},"branches":{"total":0,"covered":0,"skipped":0,"pct":100}}
,"C:/Users/iliac/Desktop/car-borbala app/src/components/Vehicle.tsx": {"lines":{"total":5,"covered":4,"skipped":0,"pct":80},"functions":{"total":2,"covered":1,"skipped":0,"pct":50},"statements":{"total":5,"covered":4,"skipped":0,"pct":80},"branches":{"total":3,"covered":3,"skipped":0,"pct":100}}
,"C:/Users/iliac/Desktop/car-borbala app/src/components/language.tsx": {"lines":{"total":11,"covered":11,"skipped":0,"pct":100},"functions":{"total":3,"covered":3,"skipped":0,"pct":100},"statements":{"total":14,"covered":14,"skipped":0,"pct":100},"branches":{"total":0,"covered":0,"skipped":0,"pct":100}}
,"C:/Users/iliac/Desktop/car-borbala app/src/layouts/Footer.tsx": {"lines":{"total":5,"covered":5,"skipped":0,"pct":100},"functions":{"total":2,"covered":2,"skipped":0,"pct":100},"statements":{"total":8,"covered":8,"skipped":0,"pct":100},"branches":{"total":0,"covered":0,"skipped":0,"pct":100}}
,"C:/Users/iliac/Desktop/car-borbala app/src/layouts/Header.tsx": {"lines":{"total":8,"covered":7,"skipped":0,"pct":87.5},"functions":{"total":3,"covered":2,"skipped":0,"pct":66.66},"statements":{"total":10,"covered":9,"skipped":0,"pct":90},"branches":{"total":0,"covered":0,"skipped":0,"pct":100}}
,"C:/Users/iliac/Desktop/car-borbala app/src/pages/About.tsx": {"lines":{"total":4,"covered":4,"skipped":0,"pct":100},"functions":{"total":1,"covered":1,"skipped":0,"pct":100},"statements":{"total":5,"covered":5,"skipped":0,"pct":100},"branches":{"total":3,"covered":3,"skipped":0,"pct":100}}
,"C:/Users/iliac/Desktop/car-borbala app/src/pages/Careers.tsx": {"lines":{"total":5,"covered":4,"skipped":0,"pct":80},"functions":{"total":2,"covered":1,"skipped":0,"pct":50},"statements":{"total":5,"covered":4,"skipped":0,"pct":80},"branches":{"total":3,"covered":3,"skipped":0,"pct":100}}
,"C:/Users/iliac/Desktop/car-borbala app/src/pages/Home.tsx": {"lines":{"total":11,"covered":8,"skipped":0,"pct":72.72},"functions":{"total":3,"covered":2,"skipped":0,"pct":66.66},"statements":{"total":14,"covered":11,"skipped":0,"pct":78.57},"branches":{"total":2,"covered":1,"skipped":0,"pct":50}}
,"C:/Users/iliac/Desktop/car-borbala app/src/pages/Location.tsx": {"lines":{"total":5,"covered":4,"skipped":0,"pct":80},"functions":{"total":2,"covered":1,"skipped":0,"pct":50},"statements":{"total":5,"covered":4,"skipped":0,"pct":80},"branches":{"total":3,"covered":3,"skipped":0,"pct":100}}
,"C:/Users/iliac/Desktop/car-borbala app/src/pages/Login.tsx": {"lines":{"total":10,"covered":4,"skipped":0,"pct":40},"functions":{"total":3,"covered":0,"skipped":0,"pct":0},"statements":{"total":13,"covered":4,"skipped":0,"pct":30.76},"branches":{"total":0,"covered":0,"skipped":0,"pct":100}}
,"C:/Users/iliac/Desktop/car-borbala app/src/pages/Signup.tsx": {"lines":{"total":10,"covered":4,"skipped":0,"pct":40},"functions":{"total":3,"covered":0,"skipped":0,"pct":0},"statements":{"total":13,"covered":4,"skipped":0,"pct":30.76},"branches":{"total":0,"covered":0,"skipped":0,"pct":100}}
,"C:/Users/iliac/Desktop/car-borbala app/src/schema/loginSchema.ts": {"lines":{"total":1,"covered":1,"skipped":0,"pct":100},"functions":{"total":0,"covered":0,"skipped":0,"pct":100},"statements":{"total":1,"covered":1,"skipped":0,"pct":100},"branches":{"total":0,"covered":0,"skipped":0,"pct":100}}
,"C:/Users/iliac/Desktop/car-borbala app/src/schema/search-schema.ts": {"lines":{"total":1,"covered":1,"skipped":0,"pct":100},"functions":{"total":0,"covered":0,"skipped":0,"pct":100},"statements":{"total":1,"covered":1,"skipped":0,"pct":100},"branches":{"total":0,"covered":0,"skipped":0,"pct":100}}
,"C:/Users/iliac/Desktop/car-borbala app/src/schema/signupSchema.ts": {"lines":{"total":1,"covered":1,"skipped":0,"pct":100},"functions":{"total":0,"covered":0,"skipped":0,"pct":100},"statements":{"total":1,"covered":1,"skipped":0,"pct":100},"branches":{"total":0,"covered":0,"skipped":0,"pct":100}}
,"C:/Users/iliac/Desktop/car-borbala app/src/svg/Avard.tsx": {"lines":{"total":4,"covered":4,"skipped":0,"pct":100},"functions":{"total":1,"covered":1,"skipped":0,"pct":100},"statements":{"total":5,"covered":5,"skipped":0,"pct":100},"branches":{"total":3,"covered":3,"skipped":0,"pct":100}}
,"C:/Users/iliac/Desktop/car-borbala app/src/svg/Calendar.tsx": {"lines":{"total":4,"covered":4,"skipped":0,"pct":100},"functions":{"total":1,"covered":1,"skipped":0,"pct":100},"statements":{"total":5,"covered":5,"skipped":0,"pct":100},"branches":{"total":3,"covered":3,"skipped":0,"pct":100}}
,"C:/Users/iliac/Desktop/car-borbala app/src/svg/Checkin.tsx": {"lines":{"total":4,"covered":4,"skipped":0,"pct":100},"functions":{"total":1,"covered":1,"skipped":0,"pct":100},"statements":{"total":5,"covered":5,"skipped":0,"pct":100},"branches":{"total":3,"covered":3,"skipped":0,"pct":100}}
,"C:/Users/iliac/Desktop/car-borbala app/src/svg/Close.tsx": {"lines":{"total":4,"covered":3,"skipped":0,"pct":75},"functions":{"total":1,"covered":1,"skipped":0,"pct":100},"statements":{"total":4,"covered":3,"skipped":0,"pct":75},"branches":{"total":3,"covered":3,"skipped":0,"pct":100}}
,"C:/Users/iliac/Desktop/car-borbala app/src/svg/Facebook.tsx": {"lines":{"total":4,"covered":4,"skipped":0,"pct":100},"functions":{"total":1,"covered":1,"skipped":0,"pct":100},"statements":{"total":5,"covered":5,"skipped":0,"pct":100},"branches":{"total":3,"covered":3,"skipped":0,"pct":100}}
,"C:/Users/iliac/Desktop/car-borbala app/src/svg/Instagram.tsx": {"lines":{"total":4,"covered":4,"skipped":0,"pct":100},"functions":{"total":1,"covered":1,"skipped":0,"pct":100},"statements":{"total":5,"covered":5,"skipped":0,"pct":100},"branches":{"total":3,"covered":3,"skipped":0,"pct":100}}
,"C:/Users/iliac/Desktop/car-borbala app/src/svg/Twitter.tsx": {"lines":{"total":4,"covered":4,"skipped":0,"pct":100},"functions":{"total":1,"covered":1,"skipped":0,"pct":100},"statements":{"total":5,"covered":5,"skipped":0,"pct":100},"branches":{"total":3,"covered":3,"skipped":0,"pct":100}}
}
