TN:
SF:src\App.tsx
FN:16,App
FN:16,(anonymous_2)
FN:45,WrappedApp
FNF:3
FNH:3
FNDA:28,App
FNDA:4,(anonymous_2)
FNDA:8,WrappedApp
DA:16,28
DA:18,28
DA:20,28
DA:21,28
DA:22,28
DA:24,28
DA:43,4
DA:45,8
DA:46,8
DA:51,4
LF:10
LH:10
BRDA:27,0,0,28
BRDA:27,0,1,28
BRDA:30,1,0,0
BRDA:30,1,1,28
BRDA:40,2,0,28
BRDA:40,2,1,28
BRF:6
BRH:5
end_of_record
TN:
SF:src\i18n.ts
FNF:0
FNH:0
DA:7,4
LF:1
LH:1
BRF:0
BRH:0
end_of_record
TN:
SF:src\main.tsx
FNF:0
FNH:0
DA:9,4
LF:1
LH:1
BRF:0
BRH:0
end_of_record
TN:
SF:src\components\Logo.tsx
FN:1,(anonymous_0)
FNF:1
FNH:1
FNDA:48,(anonymous_0)
DA:1,32
DA:2,44
DA:9,4
DA:12,4
LF:4
LH:4
BRDA:1,0,0,8
BRDA:1,0,1,4
BRDA:1,1,0,4
BRF:3
BRH:3
end_of_record
TN:
SF:src\components\Menu.tsx
FN:6,Menu
FN:10,(anonymous_2)
FN:6,(anonymous_3)
FNF:3
FNH:0
FNDA:0,Menu
FNDA:0,(anonymous_2)
FNDA:0,(anonymous_3)
DA:6,0
DA:7,4
DA:8,0
DA:10,0
DA:38,4
DA:40,4
LF:6
LH:3
BRF:0
BRH:0
end_of_record
TN:
SF:src\components\Vehicle.tsx
FN:1,(anonymous_0)
FN:9,(anonymous_1)
FNF:2
FNH:1
FNDA:4,(anonymous_0)
FNDA:0,(anonymous_1)
DA:1,32
DA:9,4
DA:10,0
DA:143,4
DA:146,4
LF:5
LH:4
BRDA:1,0,0,8
BRDA:1,0,1,4
BRDA:1,1,0,4
BRF:3
BRH:3
end_of_record
TN:
SF:src\components\language.tsx
FN:3,(anonymous_1)
FN:4,(anonymous_2)
FN:3,(anonymous_3)
FNF:3
FNH:3
FNDA:22,(anonymous_1)
FNDA:1,(anonymous_2)
FNDA:4,(anonymous_3)
DA:3,22
DA:4,22
DA:5,1
DA:6,1
DA:7,1
DA:8,1
DA:9,1
DA:12,22
DA:13,22
DA:25,4
DA:27,4
LF:11
LH:11
BRF:0
BRH:0
end_of_record
TN:
SF:src\layouts\Footer.tsx
FN:7,(anonymous_1)
FN:7,(anonymous_2)
FNF:2
FNH:2
FNDA:26,(anonymous_1)
FNDA:4,(anonymous_2)
DA:7,26
DA:8,26
DA:9,22
DA:24,4
DA:26,4
LF:5
LH:5
BRF:0
BRH:0
end_of_record
TN:
SF:src\layouts\Header.tsx
FN:7,(anonymous_1)
FN:73,(anonymous_2)
FN:7,(anonymous_3)
FNF:3
FNH:2
FNDA:26,(anonymous_1)
FNDA:0,(anonymous_2)
FNDA:4,(anonymous_3)
DA:7,4
DA:10,26
DA:11,26
DA:12,22
DA:23,22
DA:73,0
DA:81,4
DA:83,4
LF:8
LH:7
BRF:0
BRH:0
end_of_record
TN:
SF:src\pages\About.tsx
FN:1,(anonymous_0)
FNF:1
FNH:1
FNDA:6,(anonymous_0)
DA:1,32
DA:2,2
DA:17,4
DA:19,4
LF:4
LH:4
BRDA:1,0,0,8
BRDA:1,0,1,4
BRDA:1,1,0,4
BRF:3
BRH:3
end_of_record
TN:
SF:src\pages\Careers.tsx
FN:1,(anonymous_0)
FN:4,(anonymous_1)
FNF:2
FNH:1
FNDA:4,(anonymous_0)
FNDA:0,(anonymous_1)
DA:1,32
DA:4,4
DA:5,0
DA:28,4
DA:30,4
LF:5
LH:4
BRDA:1,0,0,8
BRDA:1,0,1,4
BRDA:1,1,0,4
BRF:3
BRH:3
end_of_record
TN:
SF:src\pages\Home.tsx
FN:14,(anonymous_1)
FN:30,(anonymous_2)
FN:14,(anonymous_3)
FNF:3
FNH:2
FNDA:20,(anonymous_1)
FNDA:0,(anonymous_2)
FNDA:4,(anonymous_3)
DA:14,20
DA:15,20
DA:21,20
DA:23,20
DA:30,20
DA:32,0
DA:33,0
DA:35,0
DA:38,20
DA:151,4
DA:153,4
LF:11
LH:8
BRDA:92,0,0,0
BRDA:92,0,1,20
BRF:2
BRH:1
end_of_record
TN:
SF:src\pages\Location.tsx
FN:1,(anonymous_0)
FN:3,(anonymous_1)
FNF:2
FNH:1
FNDA:4,(anonymous_0)
FNDA:0,(anonymous_1)
DA:1,32
DA:3,4
DA:4,0
DA:9,4
DA:11,4
LF:5
LH:4
BRDA:1,0,0,8
BRDA:1,0,1,4
BRDA:1,1,0,4
BRF:3
BRH:3
end_of_record
TN:
SF:src\pages\Login.tsx
FN:6,(anonymous_1)
FN:18,(anonymous_2)
FN:6,(anonymous_3)
FNF:3
FNH:0
FNDA:0,(anonymous_1)
FNDA:0,(anonymous_2)
FNDA:0,(anonymous_3)
DA:6,4
DA:11,0
DA:13,4
DA:18,0
DA:19,0
DA:20,0
DA:21,0
DA:24,0
DA:85,4
DA:89,4
LF:10
LH:4
BRF:0
BRH:0
end_of_record
TN:
SF:src\pages\Signup.tsx
FN:6,(anonymous_1)
FN:18,(anonymous_2)
FN:6,(anonymous_3)
FNF:3
FNH:0
FNDA:0,(anonymous_1)
FNDA:0,(anonymous_2)
FNDA:0,(anonymous_3)
DA:6,4
DA:11,0
DA:12,4
DA:18,0
DA:19,0
DA:20,0
DA:21,0
DA:24,0
DA:93,4
DA:95,4
LF:10
LH:4
BRF:0
BRH:0
end_of_record
TN:
SF:src\schema\loginSchema.ts
FNF:0
FNH:0
DA:3,4
LF:1
LH:1
BRF:0
BRH:0
end_of_record
TN:
SF:src\schema\search-schema.ts
FNF:0
FNH:0
DA:3,4
LF:1
LH:1
BRF:0
BRH:0
end_of_record
TN:
SF:src\schema\signupSchema.ts
FNF:0
FNH:0
DA:3,4
LF:1
LH:1
BRF:0
BRH:0
end_of_record
TN:
SF:src\svg\Avard.tsx
FN:1,(anonymous_0)
FNF:1
FNH:1
FNDA:24,(anonymous_0)
DA:1,32
DA:2,20
DA:15,4
DA:17,4
LF:4
LH:4
BRDA:1,0,0,8
BRDA:1,0,1,4
BRDA:1,1,0,4
BRF:3
BRH:3
end_of_record
TN:
SF:src\svg\Calendar.tsx
FN:1,(anonymous_0)
FNF:1
FNH:1
FNDA:24,(anonymous_0)
DA:1,32
DA:2,20
DA:15,4
DA:17,4
LF:4
LH:4
BRDA:1,0,0,8
BRDA:1,0,1,4
BRDA:1,1,0,4
BRF:3
BRH:3
end_of_record
TN:
SF:src\svg\Checkin.tsx
FN:1,(anonymous_0)
FNF:1
FNH:1
FNDA:24,(anonymous_0)
DA:1,32
DA:2,20
DA:15,4
DA:17,4
LF:4
LH:4
BRDA:1,0,0,8
BRDA:1,0,1,4
BRDA:1,1,0,4
BRF:3
BRH:3
end_of_record
TN:
SF:src\svg\Close.tsx
FN:1,(anonymous_0)
FNF:1
FNH:1
FNDA:4,(anonymous_0)
DA:1,32
DA:2,0
DA:16,4
DA:18,4
LF:4
LH:3
BRDA:1,0,0,8
BRDA:1,0,1,4
BRDA:1,1,0,4
BRF:3
BRH:3
end_of_record
TN:
SF:src\svg\Facebook.tsx
FN:1,(anonymous_0)
FNF:1
FNH:1
FNDA:26,(anonymous_0)
DA:1,32
DA:2,22
DA:10,4
DA:12,4
LF:4
LH:4
BRDA:1,0,0,8
BRDA:1,0,1,4
BRDA:1,1,0,4
BRF:3
BRH:3
end_of_record
TN:
SF:src\svg\Instagram.tsx
FN:1,(anonymous_0)
FNF:1
FNH:1
FNDA:26,(anonymous_0)
DA:1,32
DA:2,22
DA:10,4
DA:12,4
LF:4
LH:4
BRDA:1,0,0,8
BRDA:1,0,1,4
BRDA:1,1,0,4
BRF:3
BRH:3
end_of_record
TN:
SF:src\svg\Twitter.tsx
FN:1,(anonymous_0)
FNF:1
FNH:1
FNDA:26,(anonymous_0)
DA:1,32
DA:2,22
DA:10,4
DA:12,4
LF:4
LH:4
BRDA:1,0,0,8
BRDA:1,0,1,4
BRDA:1,1,0,4
BRF:3
BRH:3
end_of_record
